        -:    0:Source:/home/ovi/work/oop/CLionProjects/lab6-7/FilmService.cpp
        -:    0:Graph:/home/ovi/work/oop/CLionProjects/lab6-7/cmake-build-debug-coverage/CMakeFiles/lab6_7.dir/FilmService.cpp.gcno
        -:    0:Data:/home/ovi/work/oop/CLionProjects/lab6-7/cmake-build-debug-coverage/CMakeFiles/lab6_7.dir/FilmService.cpp.gcda
        -:    0:Runs:1
        -:    1://
        -:    2:// Created by ovi on 3/28/22.
        -:    3://
        -:    4:
        -:    5:#include "FilmService.h"
        -:    6:#include <assert.h>
        -:    7:
        -:    8:
function _ZN11FilmService7addFilmERKNSt7__cxx1112basic_stringIcSt11char_traitsIcESaIcEEES5_iS5_ called 5 returned 60% blocks executed 61%
        5:    9:void FilmService::addFilm(const string& titlu, string gen, int an, string actor){
        -:   10:    /*
        -:   11:     * Adauga un nou film
        -:   12:     * arunca exceptie daca: exista deja titlul, nu este valid
        -:   13:     */
       15:   14:    Film f{titlu, gen, an, actor};
        5:   14-block  0
call    0 returned 5
branch  1 taken 5 (fallthrough)
branch  2 taken 0 (throw)
        5:   14-block  1
call    3 returned 5
branch  4 taken 5 (fallthrough)
branch  5 taken 0 (throw)
        5:   14-block  2
call    6 returned 5
branch  7 taken 5 (fallthrough)
branch  8 taken 0 (throw)
        5:   14-block  3
call    9 returned 5
branch 10 taken 5 (fallthrough)
branch 11 taken 0 (throw)
call   12 returned 5
call   13 returned 5
        3:   14-block  4
call   14 returned 3
    $$$$$:   14-block  5
    $$$$$:   14-block  6
    $$$$$:   14-block  7
        2:   14-block  8
call   15 returned 2
        5:   15:    val.validate(f);
call    0 returned 5
branch  1 taken 4 (fallthrough)
branch  2 taken 1 (throw)
        4:   16:    repo.store(f);
        4:   16-block  0
call    0 returned 4
branch  1 taken 3 (fallthrough)
branch  2 taken 1 (throw)
        3:   17:}
        -:   18:
function _Z10testAddSrvv called 1 returned 100% blocks executed 59%
        1:   19:void testAddSrv(){
        -:   20:    /*
        -:   21:     * Testeaza adaugarea service
        -:   22:     */
        2:   23:    FilmRepo repo;
        1:   23-block  0
call    0 returned 1
        1:   23-block  1
call    1 returned 1
    $$$$$:   23-block  2
call    2 never executed
        -:   24:    Validator val;
        1:   25:    FilmService s {repo, val};
call    0 returned 1
        1:   26:    s.addFilm("a", "b", 1900, "a");
call    0 returned 1
call    1 returned 1
branch  2 taken 1 (fallthrough)
branch  3 taken 0 (throw)
        1:   26-block  0
call    4 returned 1
call    5 returned 1
branch  6 taken 1 (fallthrough)
branch  7 taken 0 (throw)
        1:   26-block  1
call    8 returned 1
call    9 returned 1
branch 10 taken 1 (fallthrough)
branch 11 taken 0 (throw)
        1:   26-block  2
call   12 returned 1
branch 13 taken 1 (fallthrough)
branch 14 taken 0 (throw)
        1:   26-block  3
call   15 returned 1
call   16 returned 1
call   17 returned 1
call   18 returned 1
call   19 returned 1
call   20 returned 1
    $$$$$:   26-block  4
call   21 never executed
    $$$$$:   26-block  5
    $$$$$:   26-block  6
call   22 never executed
    $$$$$:   26-block  7
    $$$$$:   26-block  8
call   23 never executed
    $$$$$:   26-block  9
    $$$$$:   26-block 10
call   24 never executed
    $$$$$:   26-block 11
    $$$$$:   26-block 12
call   25 never executed
    $$$$$:   26-block 13
    $$$$$:   26-block 14
call   26 never executed
    $$$$$:   26-block 15
        1:   27:    s.addFilm("b", "b", 1900, "a");
call    0 returned 1
call    1 returned 1
branch  2 taken 1 (fallthrough)
branch  3 taken 0 (throw)
        1:   27-block  0
call    4 returned 1
call    5 returned 1
branch  6 taken 1 (fallthrough)
branch  7 taken 0 (throw)
        1:   27-block  1
call    8 returned 1
call    9 returned 1
branch 10 taken 1 (fallthrough)
branch 11 taken 0 (throw)
        1:   27-block  2
call   12 returned 1
branch 13 taken 1 (fallthrough)
branch 14 taken 0 (throw)
        1:   27-block  3
call   15 returned 1
call   16 returned 1
call   17 returned 1
call   18 returned 1
call   19 returned 1
call   20 returned 1
    $$$$$:   27-block  4
call   21 never executed
    $$$$$:   27-block  5
    $$$$$:   27-block  6
call   22 never executed
    $$$$$:   27-block  7
    $$$$$:   27-block  8
call   23 never executed
    $$$$$:   27-block  9
    $$$$$:   27-block 10
call   24 never executed
    $$$$$:   27-block 11
    $$$$$:   27-block 12
call   25 never executed
    $$$$$:   27-block 13
    $$$$$:   27-block 14
call   26 never executed
    $$$$$:   27-block 15
        1:   28:    s.addFilm("c", "b", 1900, "a");
call    0 returned 1
call    1 returned 1
branch  2 taken 1 (fallthrough)
branch  3 taken 0 (throw)
        1:   28-block  0
call    4 returned 1
call    5 returned 1
branch  6 taken 1 (fallthrough)
branch  7 taken 0 (throw)
        1:   28-block  1
call    8 returned 1
call    9 returned 1
branch 10 taken 1 (fallthrough)
branch 11 taken 0 (throw)
        1:   28-block  2
call   12 returned 1
branch 13 taken 1 (fallthrough)
branch 14 taken 0 (throw)
        1:   28-block  3
call   15 returned 1
call   16 returned 1
call   17 returned 1
call   18 returned 1
call   19 returned 1
call   20 returned 1
    $$$$$:   28-block  4
call   21 never executed
    $$$$$:   28-block  5
    $$$$$:   28-block  6
call   22 never executed
    $$$$$:   28-block  7
    $$$$$:   28-block  8
call   23 never executed
    $$$$$:   28-block  9
    $$$$$:   28-block 10
call   24 never executed
    $$$$$:   28-block 11
    $$$$$:   28-block 12
call   25 never executed
    $$$$$:   28-block 13
    $$$$$:   28-block 14
call   26 never executed
    $$$$$:   28-block 15
        -:   29:
       1*:   30:    assert(s.getAll().size() == 3);
call    0 returned 1
call    1 returned 1
branch  2 taken 0 (fallthrough)
branch  3 taken 1
    %%%%%:   30-block  0
call    4 never executed
        -:   31:
        -:   32:    try{
       7*:   33:        s.addFilm("", "", 0, "");
        1:   33-block  0
call    0 returned 1
call    1 returned 1
branch  2 taken 1 (fallthrough)
branch  3 taken 0 (throw)
        1:   33-block  1
call    4 returned 1
call    5 returned 1
branch  6 taken 1 (fallthrough)
branch  7 taken 0 (throw)
        1:   33-block  2
call    8 returned 1
call    9 returned 1
branch 10 taken 1 (fallthrough)
branch 11 taken 0 (throw)
        1:   33-block  3
call   12 returned 1
branch 13 taken 0 (fallthrough)
branch 14 taken 1 (throw)
    %%%%%:   33-block  4
call   15 never executed
call   16 never executed
call   17 never executed
call   18 never executed
call   19 never executed
call   20 never executed
        1:   33-block  5
call   21 returned 1
        1:   33-block  6
        1:   33-block  7
call   22 returned 1
        1:   33-block  8
        1:   33-block  9
call   23 returned 1
        1:   33-block 10
        1:   33-block 11
call   24 returned 1
        1:   33-block 12
        1:   33-block 13
call   25 returned 1
        1:   33-block 14
        1:   33-block 15
call   26 returned 1
        1:   33-block 16
    #####:   34:        assert(false);
call    0 never executed
        -:   35:    }
        1:   36:    catch(ValidateException&){
        1:   36-block  0
call    0 returned 1
call    1 returned 1
branch  2 taken 1 (fallthrough)
branch  3 taken 0 (throw)
        -:   37:        assert(true);
        -:   38:    }
        -:   39:
        -:   40:    try{
        7:   41:        s.addFilm("a", "a", 1900, "a");
        1:   41-block  0
call    0 returned 1
call    1 returned 1
branch  2 taken 1 (fallthrough)
branch  3 taken 0 (throw)
        1:   41-block  1
call    4 returned 1
call    5 returned 1
branch  6 taken 1 (fallthrough)
branch  7 taken 0 (throw)
        1:   41-block  2
call    8 returned 1
call    9 returned 1
branch 10 taken 1 (fallthrough)
branch 11 taken 0 (throw)
        1:   41-block  3
call   12 returned 1
branch 13 taken 0 (fallthrough)
branch 14 taken 1 (throw)
    $$$$$:   41-block  4
call   15 never executed
call   16 never executed
call   17 never executed
call   18 never executed
call   19 never executed
call   20 never executed
        1:   41-block  5
call   21 returned 1
        1:   41-block  6
        1:   41-block  7
call   22 returned 1
        1:   41-block  8
        1:   41-block  9
call   23 returned 1
        1:   41-block 10
        1:   41-block 11
call   24 returned 1
        1:   41-block 12
        1:   41-block 13
call   25 returned 1
        1:   41-block 14
        1:   41-block 15
call   26 returned 1
        1:   41-block 16
    =====:   42:        assert(false);
call    0 never executed
        -:   43:    }
        1:   44:    catch (FilmRepoException){
        1:   44-block  0
call    0 returned 1
call    1 returned 1
call    2 returned 1
call    3 returned 1
branch  4 taken 1 (fallthrough)
branch  5 taken 0 (throw)
        -:   45:        assert(true);
        -:   46:    }
        -:   47:
        -:   48:
        1:   49:}
        -:   50:
function _Z7testSrvv called 1 returned 100% blocks executed 100%
        1:   51:void testSrv(){
        1:   52:    testAddSrv();
        1:   52-block  0
call    0 returned 1
        1:   53:}
