        -:    0:Source:/home/ovi/work/oop/CLionProjects/lab6-7/Film.h
        -:    0:Graph:/home/ovi/work/oop/CLionProjects/lab6-7/cmake-build-debug-coverage/CMakeFiles/lab6_7.dir/FilmRepo.cpp.gcno
        -:    0:Data:/home/ovi/work/oop/CLionProjects/lab6-7/cmake-build-debug-coverage/CMakeFiles/lab6_7.dir/FilmRepo.cpp.gcda
        -:    0:Runs:1
        -:    1://
        -:    2:// Created by ovi on 3/28/22.
        -:    3://
        -:    4:
        -:    5:#ifndef LAB6_7_FILM_H
        -:    6:#define LAB6_7_FILM_H
        -:    7:#include <iostream>
        -:    8:#include <string>
        -:    9:
        -:   10:using namespace std;
        -:   11:
        -:   12:class Film {
        -:   13:    string titlu;
        -:   14:    string gen;
        -:   15:    int an;
        -:   16:    string actor;
        -:   17:public:
function _ZN4FilmC2ENSt7__cxx1112basic_stringIcSt11char_traitsIcESaIcEEES5_iS5_ called 11 returned 100% blocks executed 62%
       11:   18:    Film(const string t, string g, int an, string a):titlu{t}, gen{g}, an{an}, actor{a}{}
       11:   18-block  0
call    0 returned 11
call    1 returned 11
branch  2 taken 11 (fallthrough)
branch  3 taken 0 (throw)
       11:   18-block  1
call    4 returned 11
branch  5 taken 11 (fallthrough)
branch  6 taken 0 (throw)
       11:   18-block  2
    $$$$$:   18-block  3
call    7 never executed
    $$$$$:   18-block  4
call    8 never executed
        -:   19:
function _ZNK4Film8getTitluB5cxx11Ev called 34 returned 100% blocks executed 100%
       34:   20:    string getTitlu() const{
       34:   21:        return titlu;
       34:   21-block  0
call    0 returned 34
        -:   22:    }
        -:   23:
function _ZNK4Film6getGenB5cxx11Ev called 8 returned 100% blocks executed 100%
        8:   24:    string getGen() const{
        8:   25:        return gen;
        8:   25-block  0
call    0 returned 8
        -:   26:    }
        -:   27:
function _ZNK4Film5getAnEv called 7 returned 100% blocks executed 100%
        7:   28:    int getAn() const{
        7:   29:        return an;
        7:   29-block  0
        -:   30:    }
        -:   31:
function _ZNK4Film8getActorB5cxx11Ev called 7 returned 100% blocks executed 100%
        7:   32:    string getActor() const{
        7:   33:        return actor;
        7:   33-block  0
call    0 returned 7
        -:   34:    }
        -:   35:};
        -:   36:
        -:   37:
        -:   38:#endif //LAB6_7_FILM_H
