        -:    0:Source:/home/ovi/work/oop/CLionProjects/lab6-7/FilmRepo.h
        -:    0:Graph:/home/ovi/work/oop/CLionProjects/lab6-7/cmake-build-debug-coverage/CMakeFiles/lab6_7.dir/FilmRepo.cpp.gcno
        -:    0:Data:/home/ovi/work/oop/CLionProjects/lab6-7/cmake-build-debug-coverage/CMakeFiles/lab6_7.dir/FilmRepo.cpp.gcda
        -:    0:Runs:1
        -:    1://
        -:    2:// Created by ovi on 3/28/22.
        -:    3://
        -:    4:
        -:    5:#ifndef LAB6_7_FILMREPO_H
        -:    6:#define LAB6_7_FILMREPO_H
        -:    7:#include "Film.h"
        -:    8:#include <vector>
        -:    9:#include <string>
        -:   10:#include <iostream>
        -:   11:#include <ostream>
        -:   12:
        -:   13:using namespace std;
        -:   14:
        -:   15:class FilmRepo {
        -:   16:    vector<Film> all;
        -:   17:
        -:   18:    /*
        -:   19:     * Verifica daca exista filmul in lista
        -:   20:     */
        -:   21:    bool exist(const Film& film) const;
        -:   22:
        -:   23:public:
function _ZN8FilmRepoC2Ev called 0 returned 0% blocks executed 0%
    #####:   24:    FilmRepo() = default;
    %%%%%:   24-block  0
call    0 never executed
        -:   25:
        -:   26:    /*
        -:   27:     * Salvarea unui film
        -:   28:     * arunca exceptie daca mai exista film cu acelasi titlu
        -:   29:     */
        -:   30:    void store(const Film& film);
        -:   31:
        -:   32:    /*
        -:   33:     * Cauta filmul cu titlul dat
        -:   34:     * arunca exceptie daca nu exista
        -:   35:     */
        -:   36:    const Film& find(string titlu) const;
        -:   37:
        -:   38:    /*
        -:   39:     * Returneaza toate filmele
        -:   40:     */
        -:   41:    const vector<Film>& getAll() const noexcept;
        -:   42:};
        -:   43:
        -:   44:class FilmRepoException{
        -:   45:    string msg;
        -:   46:public:
function _ZN17FilmRepoExceptionC2ENSt7__cxx1112basic_stringIcSt11char_traitsIcESaIcEEE called 10 returned 100% blocks executed 100%
       10:   47:    FilmRepoException(string m): msg{m}{}
       10:   47-block  0
call    0 returned 10
        -:   48:    friend ostream& operator<<(ostream& out, const FilmRepoException& ex);
        -:   49:};
        -:   50:
        -:   51:ostream& operator<<(ostream& out, const FilmRepoException& ex);
        -:   52:
        -:   53:void testeRepo();
        -:   54:
        -:   55:#endif //LAB6_7_FILMREPO_H
