        -:    0:Source:/home/ovi/work/oop/CLionProjects/lab6-7/FilmService.h
        -:    0:Graph:/home/ovi/work/oop/CLionProjects/lab6-7/cmake-build-debug-coverage/CMakeFiles/lab6_7.dir/FilmService.cpp.gcno
        -:    0:Data:/home/ovi/work/oop/CLionProjects/lab6-7/cmake-build-debug-coverage/CMakeFiles/lab6_7.dir/FilmService.cpp.gcda
        -:    0:Runs:1
        -:    1://
        -:    2:// Created by ovi on 3/28/22.
        -:    3://
        -:    4:
        -:    5:#ifndef LAB6_7_FILMSERVICE_H
        -:    6:#define LAB6_7_FILMSERVICE_H
        -:    7:#include "Film.h"
        -:    8:#include "FilmRepo.h"
        -:    9:#include "Validator.h"
        -:   10:#include <string>
        -:   11:#include <vector>
        -:   12:
        -:   13:class FilmService {
        -:   14:    FilmRepo& repo;
        -:   15:    Validator& val;
        -:   16:
        -:   17:public:
function _ZN11FilmServiceC2ER8FilmRepoR9Validator called 0 returned 0% blocks executed 0%
    #####:   18:    FilmService(FilmRepo& repo, Validator& val): repo{repo}, val{val}{}
        -:   19:
        -:   20:    /*
        -:   21:     * Returneaza toate filmele
        -:   22:     */
function _ZN11FilmService6getAllEv called 1 returned 100% blocks executed 100%
        1:   23:    const vector<Film>& getAll() noexcept{
        1:   24:        return repo.getAll();
        1:   24-block  0
call    0 returned 1
        -:   25:    }
        -:   26:
        -:   27:    /*
        -:   28:     * Adauga un nou film
        -:   29:     * arunca exceptie daca: exista deja titlul, nu este valid
        -:   30:     */
        -:   31:    void addFilm(const string& titlu, string gen, int an, string actor);
        -:   32:};
        -:   33:
        -:   34:void testSrv();
        -:   35:
        -:   36:
        -:   37:#endif //LAB6_7_FILMSERVICE_H
