        -:    0:Source:/home/ovi/work/oop/CLionProjects/lab6-7/Film.h
        -:    0:Graph:/home/ovi/work/oop/CLionProjects/lab6-7/cmake-build-debug-coverage/CMakeFiles/lab6_7.dir/FilmService.cpp.gcno
        -:    0:Data:/home/ovi/work/oop/CLionProjects/lab6-7/cmake-build-debug-coverage/CMakeFiles/lab6_7.dir/FilmService.cpp.gcda
        -:    0:Runs:1
        -:    1://
        -:    2:// Created by ovi on 3/28/22.
        -:    3://
        -:    4:
        -:    5:#ifndef LAB6_7_FILM_H
        -:    6:#define LAB6_7_FILM_H
        -:    7:#include <iostream>
        -:    8:#include <string>
        -:    9:
        -:   10:using namespace std;
        -:   11:
        -:   12:class Film {
        -:   13:    string titlu;
        -:   14:    string gen;
        -:   15:    int an;
        -:   16:    string actor;
        -:   17:public:
function _ZN4FilmC2ENSt7__cxx1112basic_stringIcSt11char_traitsIcESaIcEEES5_iS5_ called 0 returned 0% blocks executed 0%
    #####:   18:    Film(const string t, string g, int an, string a):titlu{t}, gen{g}, an{an}, actor{a}{}
    %%%%%:   18-block  0
call    0 never executed
call    1 never executed
branch  2 never executed
branch  3 never executed
    %%%%%:   18-block  1
call    4 never executed
branch  5 never executed
branch  6 never executed
    %%%%%:   18-block  2
    $$$$$:   18-block  3
call    7 never executed
    $$$$$:   18-block  4
call    8 never executed
        -:   19:
        -:   20:    string getTitlu() const{
        -:   21:        return titlu;
        -:   22:    }
        -:   23:
        -:   24:    string getGen() const{
        -:   25:        return gen;
        -:   26:    }
        -:   27:
        -:   28:    int getAn() const{
        -:   29:        return an;
        -:   30:    }
        -:   31:
        -:   32:    string getActor() const{
        -:   33:        return actor;
        -:   34:    }
        -:   35:};
        -:   36:
        -:   37:
        -:   38:#endif //LAB6_7_FILM_H
