        -:    0:Source:/home/ovi/work/oop/CLionProjects/lab6-7/main.cpp
        -:    0:Graph:/home/ovi/work/oop/CLionProjects/lab6-7/cmake-build-debug-coverage/CMakeFiles/lab6_7.dir/main.cpp.gcno
        -:    0:Data:/home/ovi/work/oop/CLionProjects/lab6-7/cmake-build-debug-coverage/CMakeFiles/lab6_7.dir/main.cpp.gcda
        -:    0:Runs:1
        -:    1:#include <iostream>
        -:    2:#include "FilmRepo.h"
        -:    3:#include "Validator.h"
        -:    4:#include "FilmService.h"
        -:    5:#include "UI.h"
        -:    6:
function _Z7testAllv called 1 returned 100% blocks executed 100%
        1:    7:void testAll(){
        1:    8:    testeRepo();
        1:    8-block  0
call    0 returned 1
        1:    9:    testValidator();
call    0 returned 1
        1:   10:    testSrv();
call    0 returned 1
        1:   11:}
function _Z5startv called 0 returned 0% blocks executed 0%
    #####:   12:void start(){
    #####:   13:    FilmRepo repo;
    %%%%%:   13-block  0
call    0 never executed
    %%%%%:   13-block  1
call    1 never executed
    $$$$$:   13-block  2
call    2 never executed
        -:   14:    Validator val;
    #####:   15:    FilmService srv{repo, val};
call    0 never executed
    #####:   16:    UI ui{srv};
call    0 never executed
    #####:   17:    ui.generate();
call    0 never executed
branch  1 never executed
branch  2 never executed
    #####:   18:    ui.run();
    %%%%%:   18-block  0
call    0 never executed
branch  1 never executed
branch  2 never executed
    #####:   19:}
        -:   20:
function main called 1 returned 100% blocks executed 100%
        1:   21:int main() {
        1:   22:    testAll();
        1:   22-block  0
call    0 returned 1
        -:   23:    //start();
        1:   24:}
