        -:    0:Source:/home/ovi/work/oop/CLionProjects/lab6-7/UI.h
        -:    0:Graph:/home/ovi/work/oop/CLionProjects/lab6-7/cmake-build-debug-coverage/CMakeFiles/lab6_7.dir/main.cpp.gcno
        -:    0:Data:/home/ovi/work/oop/CLionProjects/lab6-7/cmake-build-debug-coverage/CMakeFiles/lab6_7.dir/main.cpp.gcda
        -:    0:Runs:1
        -:    1://
        -:    2:// Created by ovi on 3/28/22.
        -:    3://
        -:    4:
        -:    5:#ifndef LAB6_7_UI_H
        -:    6:#define LAB6_7_UI_H
        -:    7:#include "FilmService.h"
        -:    8:#include "Film.h"
        -:    9:
        -:   10:class UI {
        -:   11:    FilmService& srv;
        -:   12:
        -:   13:    /*
        -:   14:     * Citeste datele de la tastatura si adauga un film
        -:   15:     */
        -:   16:    void addUI();
        -:   17:
        -:   18:    /*
        -:   19:     * Printeaza lista de filme
        -:   20:     */
        -:   21:    void tipareste(const vector<Film>& filme);
        -:   22:
        -:   23:public:
function _ZN2UIC2ER11FilmService called 0 returned 0% blocks executed 0%
    #####:   24:    UI(FilmService& s): srv{s}{}
        -:   25:
        -:   26:    /*
        -:   27:     * Populeaza lista de filme
        -:   28:     */
        -:   29:    void generate();
        -:   30:
        -:   31:    /*
        -:   32:     * Ruleaza aplicatia
        -:   33:     */
        -:   34:    void run();
        -:   35:};
        -:   36:
        -:   37:
        -:   38:#endif //LAB6_7_UI_H
