        -:    0:Source:/home/ovi/work/oop/CLionProjects/lab6-7/Film.h
        -:    0:Graph:/home/ovi/work/oop/CLionProjects/lab6-7/cmake-build-debug-coverage/CMakeFiles/lab6_7.dir/UI.cpp.gcno
        -:    0:Data:/home/ovi/work/oop/CLionProjects/lab6-7/cmake-build-debug-coverage/CMakeFiles/lab6_7.dir/UI.cpp.gcda
        -:    0:Runs:1
        -:    1://
        -:    2:// Created by ovi on 3/28/22.
        -:    3://
        -:    4:
        -:    5:#ifndef LAB6_7_FILM_H
        -:    6:#define LAB6_7_FILM_H
        -:    7:#include <iostream>
        -:    8:#include <string>
        -:    9:
        -:   10:using namespace std;
        -:   11:
        -:   12:class Film {
        -:   13:    string titlu;
        -:   14:    string gen;
        -:   15:    int an;
        -:   16:    string actor;
        -:   17:public:
        -:   18:    Film(const string t, string g, int an, string a):titlu{t}, gen{g}, an{an}, actor{a}{}
        -:   19:
function _ZNK4Film8getTitluB5cxx11Ev called 0 returned 0% blocks executed 0%
    #####:   20:    string getTitlu() const{
    #####:   21:        return titlu;
    %%%%%:   21-block  0
call    0 never executed
        -:   22:    }
        -:   23:
function _ZNK4Film6getGenB5cxx11Ev called 0 returned 0% blocks executed 0%
    #####:   24:    string getGen() const{
    #####:   25:        return gen;
    %%%%%:   25-block  0
call    0 never executed
        -:   26:    }
        -:   27:
function _ZNK4Film5getAnEv called 0 returned 0% blocks executed 0%
    #####:   28:    int getAn() const{
    #####:   29:        return an;
    %%%%%:   29-block  0
        -:   30:    }
        -:   31:
function _ZNK4Film8getActorB5cxx11Ev called 0 returned 0% blocks executed 0%
    #####:   32:    string getActor() const{
    #####:   33:        return actor;
    %%%%%:   33-block  0
call    0 never executed
        -:   34:    }
        -:   35:};
        -:   36:
        -:   37:
        -:   38:#endif //LAB6_7_FILM_H
