        -:    0:Source:/home/ovi/work/oop/CLionProjects/lab6-7/Validator.h
        -:    0:Graph:/home/ovi/work/oop/CLionProjects/lab6-7/cmake-build-debug-coverage/CMakeFiles/lab6_7.dir/Validator.cpp.gcno
        -:    0:Data:/home/ovi/work/oop/CLionProjects/lab6-7/cmake-build-debug-coverage/CMakeFiles/lab6_7.dir/Validator.cpp.gcda
        -:    0:Runs:1
        -:    1://
        -:    2:// Created by ovi on 3/28/22.
        -:    3://
        -:    4:
        -:    5:#ifndef LAB6_7_VALIDATOR_H
        -:    6:#define LAB6_7_VALIDATOR_H
        -:    7:#include <string>
        -:    8:#include "Film.h"
        -:    9:#include <vector>
        -:   10:#include <ostream>
        -:   11:
        -:   12:using namespace std;
        -:   13:
        -:   14:class ValidateException{
        -:   15:    vector<string> msgs;
        -:   16:public:
function _ZN17ValidateExceptionC2ERKSt6vectorINSt7__cxx1112basic_stringIcSt11char_traitsIcESaIcEEESaIS6_EE called 2 returned 100% blocks executed 100%
        2:   17:    ValidateException(const vector<string>& errors): msgs{errors}{}
        2:   17-block  0
call    0 returned 2
        -:   18:    friend ostream& operator<<(ostream& out, const ValidateException& ex);
        -:   19:
        -:   20:};
        -:   21:
        -:   22:ostream& operator<<(ostream& out, const ValidateException& ex);
        -:   23:
        -:   24:class Validator {
        -:   25:public:
        -:   26:    void validate(const Film& film);
        -:   27:};
        -:   28:
        -:   29:/*
        -:   30:* Testeaza validarea
        -:   31:*/
        -:   32:void testValidator();
        -:   33:
        -:   34:
        -:   35:#endif //LAB6_7_VALIDATOR_H
