        -:    0:Source:/home/ovi/work/oop/CLionProjects/lab6-7/Validator.cpp
        -:    0:Graph:/home/ovi/work/oop/CLionProjects/lab6-7/cmake-build-debug-coverage/CMakeFiles/lab6_7.dir/Validator.cpp.gcno
        -:    0:Data:/home/ovi/work/oop/CLionProjects/lab6-7/cmake-build-debug-coverage/CMakeFiles/lab6_7.dir/Validator.cpp.gcda
        -:    0:Runs:1
        -:    1://
        -:    2:// Created by ovi on 3/28/22.
        -:    3://
        -:    4:
        -:    5:#include "Validator.h"
        -:    6:#include "assert.h"
        -:    7:#include <sstream>
        -:    8:
function _ZN9Validator8validateERK4Film called 6 returned 67% blocks executed 65%
        6:    9:void Validator::validate(const Film &film) {
       12:   10:    vector<string> msgs;
        6:   10-block  0
call    0 returned 6
        4:   10-block  1
call    1 returned 4
        2:   10-block  2
call    2 returned 2
        -:   11:
        6:   12:    if(film.getTitlu().size() == 0) msgs.push_back("Titlu vid!");
call    0 returned 6
branch  1 taken 6 (fallthrough)
branch  2 taken 0 (throw)
        6:   12-block  0
call    3 returned 6
call    4 returned 6
branch  5 taken 2 (fallthrough)
branch  6 taken 4
        2:   12-block  1
call    7 returned 2
call    8 returned 2
branch  9 taken 2 (fallthrough)
branch 10 taken 0 (throw)
        2:   12-block  2
call   11 returned 2
branch 12 taken 2 (fallthrough)
branch 13 taken 0 (throw)
        2:   12-block  3
call   14 returned 2
call   15 returned 2
    $$$$$:   12-block  4
call   16 never executed
    $$$$$:   12-block  5
    $$$$$:   12-block  6
call   17 never executed
    $$$$$:   12-block  7
        6:   13:    if(film.getGen().size() == 0) msgs.push_back("Gen vid!");
        6:   13-block  0
call    0 returned 6
branch  1 taken 6 (fallthrough)
branch  2 taken 0 (throw)
        6:   13-block  1
call    3 returned 6
call    4 returned 6
branch  5 taken 2 (fallthrough)
branch  6 taken 4
        2:   13-block  2
call    7 returned 2
call    8 returned 2
branch  9 taken 2 (fallthrough)
branch 10 taken 0 (throw)
        2:   13-block  3
call   11 returned 2
branch 12 taken 2 (fallthrough)
branch 13 taken 0 (throw)
        2:   13-block  4
call   14 returned 2
call   15 returned 2
    $$$$$:   13-block  5
call   16 never executed
    $$$$$:   13-block  6
    $$$$$:   13-block  7
call   17 never executed
    $$$$$:   13-block  8
        6:   14:    if(film.getAn() < 1800) msgs.push_back("An prea mic!");
        6:   14-block  0
call    0 returned 6
branch  1 taken 2 (fallthrough)
branch  2 taken 4
        2:   14-block  1
call    3 returned 2
call    4 returned 2
branch  5 taken 2 (fallthrough)
branch  6 taken 0 (throw)
        2:   14-block  2
call    7 returned 2
branch  8 taken 2 (fallthrough)
branch  9 taken 0 (throw)
        2:   14-block  3
call   10 returned 2
call   11 returned 2
    $$$$$:   14-block  4
call   12 never executed
    $$$$$:   14-block  5
    $$$$$:   14-block  6
call   13 never executed
    $$$$$:   14-block  7
        6:   15:    if(film.getActor().size() == 0) msgs.push_back("Actor principal vid!");
        6:   15-block  0
call    0 returned 6
branch  1 taken 6 (fallthrough)
branch  2 taken 0 (throw)
        6:   15-block  1
call    3 returned 6
call    4 returned 6
branch  5 taken 2 (fallthrough)
branch  6 taken 4
        2:   15-block  2
call    7 returned 2
call    8 returned 2
branch  9 taken 2 (fallthrough)
branch 10 taken 0 (throw)
        2:   15-block  3
call   11 returned 2
branch 12 taken 2 (fallthrough)
branch 13 taken 0 (throw)
        2:   15-block  4
call   14 returned 2
call   15 returned 2
    $$$$$:   15-block  5
call   16 never executed
    $$$$$:   15-block  6
    $$$$$:   15-block  7
call   17 never executed
    $$$$$:   15-block  8
        6:   16:    if(msgs.size() > 0){
        6:   16-block  0
call    0 returned 6
branch  1 taken 2 (fallthrough)
branch  2 taken 4
        2:   17:        throw ValidateException(msgs);
        2:   17-block  0
call    0 returned 2
call    1 returned 2
branch  2 taken 2 (fallthrough)
branch  3 taken 0 (throw)
        2:   17-block  1
call    4 returned 2
    $$$$$:   17-block  2
call    5 never executed
        -:   18:    }
        4:   19:}
        -:   20:
function _ZlsRSoRK17ValidateException called 1 returned 100% blocks executed 100%
        1:   21:ostream& operator<<(ostream& out, const ValidateException& ex){
        5:   22:    for(const auto& msg: ex.msgs){
        1:   22-block  0
call    0 returned 1
call    1 returned 1
        5:   22-block  1
call    2 returned 5
branch  3 taken 4 (fallthrough)
branch  4 taken 1
        4:   22-block  2
call    5 returned 4
        4:   22-block  3
call    6 returned 4
        4:   23:        out<<msg<<" ";
call    0 returned 4
branch  1 taken 4 (fallthrough)
branch  2 taken 0 (throw)
        4:   23-block  0
call    3 returned 4
branch  4 taken 4 (fallthrough)
branch  5 taken 0 (throw)
        -:   24:    }
        1:   25:    return out;
        1:   25-block  0
        1:   25-block  1
        -:   26:}
        -:   27:
function _Z13testValidatorv called 1 returned 100% blocks executed 51%
        1:   28:void testValidator(){
        -:   29:    /*
        -:   30:     * Testeaza validarea
        -:   31:     */
        -:   32:    Validator val;
        3:   33:    Film f{"", "", 0, ""};
        1:   33-block  0
call    0 returned 1
call    1 returned 1
branch  2 taken 1 (fallthrough)
branch  3 taken 0 (throw)
        1:   33-block  1
call    4 returned 1
call    5 returned 1
branch  6 taken 1 (fallthrough)
branch  7 taken 0 (throw)
        1:   33-block  2
call    8 returned 1
call    9 returned 1
branch 10 taken 1 (fallthrough)
branch 11 taken 0 (throw)
        1:   33-block  3
call   12 returned 1
branch 13 taken 1 (fallthrough)
branch 14 taken 0 (throw)
call   15 returned 1
call   16 returned 1
call   17 returned 1
call   18 returned 1
call   19 returned 1
        1:   33-block  4
call   20 returned 1
    $$$$$:   33-block  5
    $$$$$:   33-block  6
    $$$$$:   33-block  7
    $$$$$:   33-block  8
    $$$$$:   33-block  9
    $$$$$:   33-block 10
    $$$$$:   33-block 11
call   21 never executed
        -:   34:
        -:   35:    try{
        1:   36:        val.validate(f);
call    0 returned 1
branch  1 taken 0 (fallthrough)
branch  2 taken 1 (throw)
        -:   37:    }
        2:   38:    catch(const ValidateException& ex){
        1:   38-block  0
call    0 returned 1
call    1 returned 1
    $$$$$:   38-block  1
call    2 never executed
        2:   39:        stringstream sout;
call    0 returned 1
branch  1 taken 1 (fallthrough)
branch  2 taken 0 (throw)
call    3 returned 1
    $$$$$:   39-block  0
call    4 never executed
        1:   40:        sout<<ex;
        1:   40-block  0
call    0 returned 1
branch  1 taken 1 (fallthrough)
branch  2 taken 0 (throw)
        2:   41:        auto mesaj = sout.str();
        1:   41-block  0
call    0 returned 1
branch  1 taken 1 (fallthrough)
branch  2 taken 0 (throw)
call    3 returned 1
        1:   42:        assert(mesaj.find("mic") >=0 );
        1:   42-block  0
call    0 returned 1
        1:   43:        assert(mesaj.find("vid") >= 0);
call    0 returned 1
        -:   44:    }
        1:   45:}
